This file contains any messages produced by compilers while
running configure, to aid debugging if configure makes a mistake.

It was created by firedrake configure 1.0.0, which was
generated by GNU Autoconf 2.69.  Invocation command line was

  $ ./configure 

## --------- ##
## Platform. ##
## --------- ##

hostname = tahoe.cs.dartmouth.edu
uname -m = x86_64
uname -r = 3.7.9-201.fc18.x86_64
uname -s = Linux
uname -v = #1 SMP Mon Feb 18 21:07:56 UTC 2013

/usr/bin/uname -p = x86_64
/bin/uname -X     = unknown

/bin/arch              = x86_64
/usr/bin/arch -k       = unknown
/usr/convex/getsysinfo = unknown
/usr/bin/hostinfo      = unknown
/bin/machine           = unknown
/usr/bin/oslevel       = unknown
/bin/universe          = unknown

PATH: /usr/lib64/qt-3.3/bin
PATH: /usr/lib64/ccache
PATH: /usr/local/bin
PATH: /usr/bin
PATH: /usr/local/sbin
PATH: /usr/sbin
PATH: /net/tahoe3/urbach/bin
PATH: /bin
PATH: /usr/bin
PATH: /sbin
PATH: /usr/sbin
PATH: /usr/java/j2sdk/bin
PATH: /usr/local/bin
PATH: /usr/local/bin/X11
PATH: .
PATH: /net/tahoe3/urbach/bin
PATH: /bin
PATH: /usr/bin
PATH: /sbin
PATH: /usr/sbin
PATH: /usr/java/j2sdk/bin
PATH: /usr/local/bin
PATH: /usr/local/bin/X11
PATH: .


## ----------- ##
## Core tests. ##
## ----------- ##

configure:2154: checking for gcc
configure:2170: found /usr/lib64/ccache/gcc
configure:2181: result: gcc
configure:2410: checking for C compiler version
configure:2419: gcc --version >&5
gcc (GCC) 4.7.2 20121109 (Red Hat 4.7.2-8)
Copyright (C) 2012 Free Software Foundation, Inc.
This is free software; see the source for copying conditions.  There is NO
warranty; not even for MERCHANTABILITY or FITNESS FOR A PARTICULAR PURPOSE.

configure:2430: $? = 0
configure:2419: gcc -v >&5
Using built-in specs.
COLLECT_GCC=/usr/bin/gcc
COLLECT_LTO_WRAPPER=/usr/libexec/gcc/x86_64-redhat-linux/4.7.2/lto-wrapper
Target: x86_64-redhat-linux
Configured with: ../configure --prefix=/usr --mandir=/usr/share/man --infodir=/usr/share/info --with-bugurl=http://bugzilla.redhat.com/bugzilla --enable-bootstrap --enable-shared --enable-threads=posix --enable-checking=release --disable-build-with-cxx --disable-build-poststage1-with-cxx --with-system-zlib --enable-__cxa_atexit --disable-libunwind-exceptions --enable-gnu-unique-object --enable-linker-build-id --with-linker-hash-style=gnu --enable-languages=c,c++,objc,obj-c++,java,fortran,ada,go,lto --enable-plugin --enable-initfini-array --enable-java-awt=gtk --disable-dssi --with-java-home=/usr/lib/jvm/java-1.5.0-gcj-1.5.0.0/jre --enable-libgcj-multifile --enable-java-maintainer-mode --with-ecj-jar=/usr/share/java/eclipse-ecj.jar --disable-libjava-multilib --with-ppl --with-cloog --with-tune=generic --with-arch_32=i686 --build=x86_64-redhat-linux
Thread model: posix
gcc version 4.7.2 20121109 (Red Hat 4.7.2-8) (GCC) 
configure:2430: $? = 0
configure:2419: gcc -V >&5
gcc: error: unrecognized command line option '-V'
gcc: fatal error: no input files
compilation terminated.
configure:2430: $? = 4
configure:2419: gcc -qversion >&5
gcc: error: unrecognized command line option '-qversion'
gcc: fatal error: no input files
compilation terminated.
configure:2430: $? = 4
configure:2450: checking whether the C compiler works
configure:2472: gcc    conftest.c  >&5
configure:2476: $? = 0
configure:2524: result: yes
configure:2527: checking for C compiler default output file name
configure:2529: result: a.out
configure:2535: checking for suffix of executables
configure:2542: gcc -o conftest    conftest.c  >&5
configure:2546: $? = 0
configure:2568: result: 
configure:2590: checking whether we are cross compiling
configure:2598: gcc -o conftest    conftest.c  >&5
configure:2602: $? = 0
configure:2609: ./conftest
configure:2613: $? = 0
configure:2628: result: no
configure:2633: checking for suffix of object files
configure:2655: gcc -c   conftest.c >&5
configure:2659: $? = 0
configure:2680: result: o
configure:2684: checking whether we are using the GNU C compiler
configure:2703: gcc -c   conftest.c >&5
configure:2703: $? = 0
configure:2712: result: yes
configure:2721: checking whether gcc accepts -g
configure:2741: gcc -c -g  conftest.c >&5
configure:2741: $? = 0
configure:2782: result: yes
configure:2799: checking for gcc option to accept ISO C89
configure:2862: gcc  -c -g -O2  conftest.c >&5
configure:2862: $? = 0
configure:2875: result: none needed
configure:2948: checking for ar
configure:2964: found /usr/bin/ar
configure:2975: result: ar
configure:3001: checking the archiver (ar) interface
configure:3011: gcc -c -g -O2  conftest.c >&5
configure:3011: $? = 0
configure:3013: ar cru libconftest.a conftest.o >&5
configure:3016: $? = 0
configure:3039: result: ar
configure:3102: checking for a BSD-compatible install
configure:3170: result: /usr/bin/install -c
configure:3183: checking whether build environment is sane
configure:3238: result: yes
configure:3273: WARNING: 'missing' script is too old or missing
configure:3386: checking for a thread-safe mkdir -p
configure:3425: result: /usr/bin/mkdir -p
configure:3432: checking for gawk
configure:3448: found /usr/bin/gawk
configure:3459: result: gawk
configure:3470: checking whether make sets $(MAKE)
configure:3492: result: yes
configure:3522: checking for style of include used by make
configure:3550: result: GNU
configure:3642: checking dependency style of gcc
configure:3753: result: gcc3
configure:3798: checking build system type
configure:3812: result: x86_64-unknown-linux-gnu
configure:3832: checking host system type
configure:3845: result: x86_64-unknown-linux-gnu
configure:3886: checking how to print strings
configure:3913: result: printf
configure:3934: checking for a sed that does not truncate output
configure:3998: result: /usr/bin/sed
configure:4016: checking for grep that handles long lines and -e
configure:4074: result: /usr/bin/grep
configure:4079: checking for egrep
configure:4141: result: /usr/bin/grep -E
configure:4146: checking for fgrep
configure:4208: result: /usr/bin/grep -F
configure:4243: checking for ld used by gcc
configure:4310: result: /usr/bin/ld
configure:4317: checking if the linker (/usr/bin/ld) is GNU ld
configure:4332: result: yes
configure:4344: checking for BSD- or MS-compatible name lister (nm)
configure:4393: result: /usr/bin/nm -B
configure:4523: checking the name lister (/usr/bin/nm -B) interface
configure:4530: gcc -c -g -O2  conftest.c >&5
configure:4533: /usr/bin/nm -B "conftest.o"
configure:4536: output
0000000000000000 B some_variable
configure:4543: result: BSD nm
configure:4546: checking whether ln -s works
configure:4550: result: yes
configure:4558: checking the maximum length of command line arguments
configure:4688: result: 1635000
configure:4705: checking whether the shell understands some XSI constructs
configure:4715: result: yes
configure:4719: checking whether the shell understands "+="
configure:4725: result: yes
configure:4760: checking how to convert x86_64-unknown-linux-gnu file names to x86_64-unknown-linux-gnu format
configure:4800: result: func_convert_file_noop
configure:4807: checking how to convert x86_64-unknown-linux-gnu file names to toolchain format
configure:4827: result: func_convert_file_noop
configure:4834: checking for /usr/bin/ld option to reload object files
configure:4841: result: -r
configure:4915: checking for objdump
configure:4931: found /usr/bin/objdump
configure:4942: result: objdump
configure:4974: checking how to recognize dependent libraries
configure:5176: result: pass_all
configure:5261: checking for dlltool
configure:5291: result: no
configure:5321: checking how to associate runtime and link libraries
configure:5348: result: printf %s\n
configure:5472: checking for archiver @FILE support
configure:5489: gcc -c -g -O2  conftest.c >&5
configure:5489: $? = 0
configure:5492: ar cru libconftest.a @conftest.lst >&5
configure:5495: $? = 0
configure:5500: ar cru libconftest.a @conftest.lst >&5
ar: conftest.o: No such file or directory
configure:5503: $? = 1
configure:5515: result: @
configure:5573: checking for strip
configure:5589: found /usr/bin/strip
configure:5600: result: strip
configure:5672: checking for ranlib
configure:5688: found /usr/bin/ranlib
configure:5699: result: ranlib
configure:5801: checking command to parse /usr/bin/nm -B output from gcc object
configure:5921: gcc -c -g -O2  conftest.c >&5
configure:5924: $? = 0
configure:5928: /usr/bin/nm -B conftest.o \| sed -n -e 's/^.*[ ]\([ABCDGIRSTW][ABCDGIRSTW]*\)[ ][ ]*\([_A-Za-z][_A-Za-z0-9]*\)$/\1 \2 \2/p' | sed '/ __gnu_lto/d' \> conftest.nm
configure:5931: $? = 0
configure:5997: gcc -o conftest -g -O2   conftest.c conftstm.o >&5
configure:6000: $? = 0
configure:6038: result: ok
configure:6075: checking for sysroot
configure:6105: result: no
configure:6182: gcc -c -g -O2  conftest.c >&5
configure:6185: $? = 0
configure:6361: checking for mt
configure:6391: result: no
configure:6411: checking if : is a manifest tool
configure:6417: : '-?'
configure:6425: result: no
configure:7067: checking how to run the C preprocessor
configure:7098: gcc -E  conftest.c
configure:7098: $? = 0
configure:7112: gcc -E  conftest.c
conftest.c:11:28: fatal error: ac_nonexistent.h: No such file or directory
compilation terminated.
configure:7112: $? = 1
configure: failed program was:
| /* confdefs.h */
| #define PACKAGE_NAME "firedrake"
| #define PACKAGE_TARNAME "firedrake"
| #define PACKAGE_VERSION "1.0.0"
| #define PACKAGE_STRING "firedrake 1.0.0"
| #define PACKAGE_BUGREPORT "mikeurbach@gmail.com"
| #define PACKAGE_URL ""
| #define PACKAGE "firedrake"
| #define VERSION "1.0.0"
| /* end confdefs.h.  */
| #include <ac_nonexistent.h>
configure:7137: result: gcc -E
configure:7157: gcc -E  conftest.c
configure:7157: $? = 0
configure:7171: gcc -E  conftest.c
conftest.c:11:28: fatal error: ac_nonexistent.h: No such file or directory
compilation terminated.
configure:7171: $? = 1
configure: failed program was:
| /* confdefs.h */
| #define PACKAGE_NAME "firedrake"
| #define PACKAGE_TARNAME "firedrake"
| #define PACKAGE_VERSION "1.0.0"
| #define PACKAGE_STRING "firedrake 1.0.0"
| #define PACKAGE_BUGREPORT "mikeurbach@gmail.com"
| #define PACKAGE_URL ""
| #define PACKAGE "firedrake"
| #define VERSION "1.0.0"
| /* end confdefs.h.  */
| #include <ac_nonexistent.h>
configure:7200: checking for ANSI C header files
configure:7220: gcc -c -g -O2  conftest.c >&5
configure:7220: $? = 0
configure:7293: gcc -o conftest -g -O2   conftest.c  >&5
configure:7293: $? = 0
configure:7293: ./conftest
configure:7293: $? = 0
configure:7304: result: yes
configure:7317: checking for sys/types.h
configure:7317: gcc -c -g -O2  conftest.c >&5
configure:7317: $? = 0
configure:7317: result: yes
configure:7317: checking for sys/stat.h
configure:7317: gcc -c -g -O2  conftest.c >&5
configure:7317: $? = 0
configure:7317: result: yes
configure:7317: checking for stdlib.h
configure:7317: gcc -c -g -O2  conftest.c >&5
configure:7317: $? = 0
configure:7317: result: yes
configure:7317: checking for string.h
configure:7317: gcc -c -g -O2  conftest.c >&5
configure:7317: $? = 0
configure:7317: result: yes
configure:7317: checking for memory.h
configure:7317: gcc -c -g -O2  conftest.c >&5
configure:7317: $? = 0
configure:7317: result: yes
configure:7317: checking for strings.h
configure:7317: gcc -c -g -O2  conftest.c >&5
configure:7317: $? = 0
configure:7317: result: yes
configure:7317: checking for inttypes.h
configure:7317: gcc -c -g -O2  conftest.c >&5
configure:7317: $? = 0
configure:7317: result: yes
configure:7317: checking for stdint.h
configure:7317: gcc -c -g -O2  conftest.c >&5
configure:7317: $? = 0
configure:7317: result: yes
configure:7317: checking for unistd.h
configure:7317: gcc -c -g -O2  conftest.c >&5
configure:7317: $? = 0
configure:7317: result: yes
configure:7331: checking for dlfcn.h
configure:7331: gcc -c -g -O2  conftest.c >&5
configure:7331: $? = 0
configure:7331: result: yes
configure:7536: checking for objdir
configure:7551: result: .libs
configure:7818: checking if gcc supports -fno-rtti -fno-exceptions
configure:7836: gcc -c -g -O2  -fno-rtti -fno-exceptions conftest.c >&5
cc1: warning: command line option '-fno-rtti' is valid for C++/ObjC++ but not for C [enabled by default]
cc1: warning: command line option '-fno-rtti' is valid for C++/ObjC++ but not for C [enabled by default]
configure:7840: $? = 0
configure:7853: result: no
configure:8180: checking for gcc option to produce PIC
configure:8187: result: -fPIC -DPIC
configure:8195: checking if gcc PIC flag -fPIC -DPIC works
configure:8213: gcc -c -g -O2  -fPIC -DPIC -DPIC conftest.c >&5
configure:8217: $? = 0
configure:8230: result: yes
configure:8259: checking if gcc static flag -static works
configure:8287: result: yes
configure:8302: checking if gcc supports -c -o file.o
configure:8323: gcc -c -g -O2  -o out/conftest2.o conftest.c >&5
configure:8327: $? = 0
configure:8349: result: yes
configure:8357: checking if gcc supports -c -o file.o
configure:8404: result: yes
configure:8437: checking whether the gcc linker (/usr/bin/ld -m elf_x86_64) supports shared libraries
configure:9590: result: yes
configure:9627: checking whether -lc should be explicitly linked in
configure:9635: gcc -c -g -O2  conftest.c >&5
configure:9638: $? = 0
configure:9653: gcc -shared  -fPIC -DPIC conftest.o  -v -Wl,-soname -Wl,conftest -o conftest 2\>\&1 \| /usr/bin/grep  -lc  \>/dev/null 2\>\&1
configure:9656: $? = 0
configure:9670: result: no
configure:9830: checking dynamic linker characteristics
configure:10341: gcc -o conftest -g -O2   -Wl,-rpath -Wl,/foo conftest.c  >&5
configure:10341: $? = 0
configure:10567: result: GNU/Linux ld.so
configure:10674: checking how to hardcode library paths into programs
configure:10699: result: immediate
configure:11239: checking whether stripping libraries is possible
configure:11244: result: yes
configure:11279: checking if libtool supports shared libraries
configure:11281: result: yes
configure:11284: checking whether to build shared libraries
configure:11305: result: yes
configure:11308: checking whether to build static libraries
configure:11312: result: yes
configure:11497: checking that generated files are newer than configure
configure:11503: result: done
configure:11526: creating ./config.status

## ---------------------- ##
## Running config.status. ##
## ---------------------- ##

This file was extended by firedrake config.status 1.0.0, which was
generated by GNU Autoconf 2.69.  Invocation command line was

  CONFIG_FILES    = 
  CONFIG_HEADERS  = 
  CONFIG_LINKS    = 
  CONFIG_COMMANDS = 
  $ ./config.status 

on tahoe.cs.dartmouth.edu

config.status:999: creating Makefile
config.status:1171: executing depfiles commands
config.status:1171: executing libtool commands

## ---------------- ##
## Cache variables. ##
## ---------------- ##

ac_cv_build=x86_64-unknown-linux-gnu
ac_cv_c_compiler_gnu=yes
ac_cv_env_CC_set=
ac_cv_env_CC_value=
ac_cv_env_CFLAGS_set=
ac_cv_env_CFLAGS_value=
ac_cv_env_CPPFLAGS_set=
ac_cv_env_CPPFLAGS_value=
ac_cv_env_CPP_set=
ac_cv_env_CPP_value=
ac_cv_env_LDFLAGS_set=
ac_cv_env_LDFLAGS_value=
ac_cv_env_LIBS_set=
ac_cv_env_LIBS_value=
ac_cv_env_build_alias_set=
ac_cv_env_build_alias_value=
ac_cv_env_host_alias_set=
ac_cv_env_host_alias_value=
ac_cv_env_target_alias_set=
ac_cv_env_target_alias_value=
ac_cv_header_dlfcn_h=yes
ac_cv_header_inttypes_h=yes
ac_cv_header_memory_h=yes
ac_cv_header_stdc=yes
ac_cv_header_stdint_h=yes
ac_cv_header_stdlib_h=yes
ac_cv_header_string_h=yes
ac_cv_header_strings_h=yes
ac_cv_header_sys_stat_h=yes
ac_cv_header_sys_types_h=yes
ac_cv_header_unistd_h=yes
ac_cv_host=x86_64-unknown-linux-gnu
ac_cv_objext=o
ac_cv_path_EGREP='/usr/bin/grep -E'
ac_cv_path_FGREP='/usr/bin/grep -F'
ac_cv_path_GREP=/usr/bin/grep
ac_cv_path_SED=/usr/bin/sed
ac_cv_path_install='/usr/bin/install -c'
ac_cv_path_mkdir=/usr/bin/mkdir
ac_cv_prog_AWK=gawk
ac_cv_prog_CPP='gcc -E'
ac_cv_prog_ac_ct_AR=ar
ac_cv_prog_ac_ct_CC=gcc
ac_cv_prog_ac_ct_OBJDUMP=objdump
ac_cv_prog_ac_ct_RANLIB=ranlib
ac_cv_prog_ac_ct_STRIP=strip
ac_cv_prog_cc_c89=
ac_cv_prog_cc_g=yes
ac_cv_prog_make_make_set=yes
am_cv_CC_dependencies_compiler_type=gcc3
am_cv_ar_interface=ar
lt_cv_ar_at_file=@
lt_cv_archive_cmds_need_lc=no
lt_cv_deplibs_check_method=pass_all
lt_cv_file_magic_cmd='$MAGIC_CMD'
lt_cv_file_magic_test_file=
lt_cv_ld_reload_flag=-r
lt_cv_nm_interface='BSD nm'
lt_cv_objdir=.libs
lt_cv_path_LD=/usr/bin/ld
lt_cv_path_NM='/usr/bin/nm -B'
lt_cv_path_mainfest_tool=no
lt_cv_prog_compiler_c_o=yes
lt_cv_prog_compiler_pic='-fPIC -DPIC'
lt_cv_prog_compiler_pic_works=yes
lt_cv_prog_compiler_rtti_exceptions=no
lt_cv_prog_compiler_static_works=yes
lt_cv_prog_gnu_ld=yes
lt_cv_sharedlib_from_linklib_cmd='printf %s\n'
lt_cv_shlibpath_overrides_runpath=no
lt_cv_sys_global_symbol_pipe='sed -n -e '\''s/^.*[	 ]\([ABCDGIRSTW][ABCDGIRSTW]*\)[	 ][	 ]*\([_A-Za-z][_A-Za-z0-9]*\)$/\1 \2 \2/p'\'' | sed '\''/ __gnu_lto/d'\'''
lt_cv_sys_global_symbol_to_c_name_address='sed -n -e '\''s/^: \([^ ]*\)[ ]*$/  {\"\1\", (void *) 0},/p'\'' -e '\''s/^[ABCDGIRSTW]* \([^ ]*\) \([^ ]*\)$/  {"\2", (void *) \&\2},/p'\'''
lt_cv_sys_global_symbol_to_c_name_address_lib_prefix='sed -n -e '\''s/^: \([^ ]*\)[ ]*$/  {\"\1\", (void *) 0},/p'\'' -e '\''s/^[ABCDGIRSTW]* \([^ ]*\) \(lib[^ ]*\)$/  {"\2", (void *) \&\2},/p'\'' -e '\''s/^[ABCDGIRSTW]* \([^ ]*\) \([^ ]*\)$/  {"lib\2", (void *) \&\2},/p'\'''
lt_cv_sys_global_symbol_to_cdecl='sed -n -e '\''s/^T .* \(.*\)$/extern int \1();/p'\'' -e '\''s/^[ABCDGIRSTW]* .* \(.*\)$/extern char \1;/p'\'''
lt_cv_sys_max_cmd_len=1635000
lt_cv_to_host_file_cmd=func_convert_file_noop
lt_cv_to_tool_file_cmd=func_convert_file_noop

## ----------------- ##
## Output variables. ##
## ----------------- ##

ACLOCAL='aclocal-1.12'
AMDEPBACKSLASH='\'
AMDEP_FALSE='#'
AMDEP_TRUE=''
AMTAR='$${TAR-tar}'
AR='ar'
AUTOCONF='autoconf'
AUTOHEADER='autoheader'
AUTOMAKE='automake-1.12'
AWK='gawk'
CC='gcc'
CCDEPMODE='depmode=gcc3'
CFLAGS='-g -O2'
CPP='gcc -E'
CPPFLAGS=''
CYGPATH_W='echo'
DEFS='-DPACKAGE_NAME=\"firedrake\" -DPACKAGE_TARNAME=\"firedrake\" -DPACKAGE_VERSION=\"1.0.0\" -DPACKAGE_STRING=\"firedrake\ 1.0.0\" -DPACKAGE_BUGREPORT=\"mikeurbach@gmail.com\" -DPACKAGE_URL=\"\" -DPACKAGE=\"firedrake\" -DVERSION=\"1.0.0\" -DSTDC_HEADERS=1 -DHAVE_SYS_TYPES_H=1 -DHAVE_SYS_STAT_H=1 -DHAVE_STDLIB_H=1 -DHAVE_STRING_H=1 -DHAVE_MEMORY_H=1 -DHAVE_STRINGS_H=1 -DHAVE_INTTYPES_H=1 -DHAVE_STDINT_H=1 -DHAVE_UNISTD_H=1 -DHAVE_DLFCN_H=1 -DLT_OBJDIR=\".libs/\"'
DEPDIR='.deps'
DLLTOOL='false'
DSYMUTIL=''
DUMPBIN=''
ECHO_C=''
ECHO_N='-n'
ECHO_T=''
EGREP='/usr/bin/grep -E'
EXEEXT=''
FGREP='/usr/bin/grep -F'
GREP='/usr/bin/grep'
INSTALL_DATA='${INSTALL} -m 644'
INSTALL_PROGRAM='${INSTALL}'
INSTALL_SCRIPT='${INSTALL}'
INSTALL_STRIP_PROGRAM='$(install_sh) -c -s'
LD='/usr/bin/ld -m elf_x86_64'
LDFLAGS=''
LIBOBJS=''
LIBS=''
LIBTOOL='$(SHELL) $(top_builddir)/libtool'
LIPO=''
LN_S='ln -s'
LTLIBOBJS=''
MAKEINFO='makeinfo'
MANIFEST_TOOL=':'
MKDIR_P='/usr/bin/mkdir -p'
NM='/usr/bin/nm -B'
NMEDIT=''
OBJDUMP='objdump'
OBJEXT='o'
OTOOL64=''
OTOOL=''
PACKAGE='firedrake'
PACKAGE_BUGREPORT='mikeurbach@gmail.com'
PACKAGE_NAME='firedrake'
PACKAGE_STRING='firedrake 1.0.0'
PACKAGE_TARNAME='firedrake'
PACKAGE_URL=''
PACKAGE_VERSION='1.0.0'
PATH_SEPARATOR=':'
RANLIB='ranlib'
SED='/usr/bin/sed'
SET_MAKE=''
SHELL='/bin/sh'
STRIP='strip'
VERSION='1.0.0'
ac_ct_AR='ar'
ac_ct_CC='gcc'
ac_ct_DUMPBIN=''
am__EXEEXT_FALSE=''
am__EXEEXT_TRUE='#'
am__fastdepCC_FALSE='#'
am__fastdepCC_TRUE=''
am__include='include'
am__isrc=''
am__leading_dot='.'
am__nodep='_no'
am__quote=''
am__tar='$${TAR-tar} chof - "$$tardir"'
am__untar='$${TAR-tar} xf -'
bindir='${exec_prefix}/bin'
build='x86_64-unknown-linux-gnu'
build_alias=''
build_cpu='x86_64'
build_os='linux-gnu'
build_vendor='unknown'
datadir='${datarootdir}'
datarootdir='${prefix}/share'
docdir='${datarootdir}/doc/${PACKAGE_TARNAME}'
dvidir='${docdir}'
exec_prefix='${prefix}'
host='x86_64-unknown-linux-gnu'
host_alias=''
host_cpu='x86_64'
host_os='linux-gnu'
host_vendor='unknown'
htmldir='${docdir}'
includedir='${prefix}/include'
infodir='${datarootdir}/info'
install_sh='${SHELL} /net/tahoe3/urbach/install-sh'
libdir='${exec_prefix}/lib'
libexecdir='${exec_prefix}/libexec'
localedir='${datarootdir}/locale'
localstatedir='${prefix}/var'
mandir='${datarootdir}/man'
mkdir_p='$(MKDIR_P)'
oldincludedir='/usr/include'
pdfdir='${docdir}'
prefix='/usr/local'
program_transform_name='s,x,x,'
psdir='${docdir}'
sbindir='${exec_prefix}/sbin'
sharedstatedir='${prefix}/com'
sysconfdir='${prefix}/etc'
target_alias=''

## ----------- ##
## confdefs.h. ##
## ----------- ##

/* confdefs.h */
#define PACKAGE_NAME "firedrake"
#define PACKAGE_TARNAME "firedrake"
#define PACKAGE_VERSION "1.0.0"
#define PACKAGE_STRING "firedrake 1.0.0"
#define PACKAGE_BUGREPORT "mikeurbach@gmail.com"
#define PACKAGE_URL ""
#define PACKAGE "firedrake"
#define VERSION "1.0.0"
#define STDC_HEADERS 1
#define HAVE_SYS_TYPES_H 1
#define HAVE_SYS_STAT_H 1
#define HAVE_STDLIB_H 1
#define HAVE_STRING_H 1
#define HAVE_MEMORY_H 1
#define HAVE_STRINGS_H 1
#define HAVE_INTTYPES_H 1
#define HAVE_STDINT_H 1
#define HAVE_UNISTD_H 1
#define HAVE_DLFCN_H 1
#define LT_OBJDIR ".libs/"

configure: exit 0
